----------------------------------------------------------------
Tue Jul 26 19:27:30 CEST 2016:
Booting Derby version The Apache Software Foundation - Apache Derby - 10.11.1.1 - (1616546): instance a816c00e-0156-283f-4462-00000369bea8 
on database directory memory:C:\myData\ProjektPV168\ProjectPV168FINALVersion\BicycleRental\BicycleManagerTest with class loader sun.misc.Launcher$AppClassLoader@75b84c92 
Loaded from file:/C:/Users/Lubo/.m2/repository/org/apache/derby/derby/10.11.1.1/derby-10.11.1.1.jar
java.vendor=Oracle Corporation
java.runtime.version=1.8.0_73-b02
user.dir=C:\myData\ProjektPV168\ProjectPV168FINALVersion\BicycleRental
os.name=Windows 10
os.arch=amd64
os.version=10.0
derby.system.home=null
Database Class Loader started - derby.database.classpath=''
----------------------------------------------------------------
Tue Jul 26 19:27:32 CEST 2016:
Booting Derby version The Apache Software Foundation - Apache Derby - 10.11.1.1 - (1616546): instance b31480ec-0156-283f-4462-00000369bea8 
on database directory memory:C:\myData\ProjektPV168\ProjectPV168FINALVersion\BicycleRental\CustomerManagerTest with class loader sun.misc.Launcher$AppClassLoader@75b84c92 
Loaded from file:/C:/Users/Lubo/.m2/repository/org/apache/derby/derby/10.11.1.1/derby-10.11.1.1.jar
java.vendor=Oracle Corporation
java.runtime.version=1.8.0_73-b02
user.dir=C:\myData\ProjektPV168\ProjectPV168FINALVersion\BicycleRental
os.name=Windows 10
os.arch=amd64
os.version=10.0
derby.system.home=null
Database Class Loader started - derby.database.classpath=''
----------------------------------------------------------------
Tue Jul 26 19:27:32 CEST 2016:
Booting Derby version The Apache Software Foundation - Apache Derby - 10.11.1.1 - (1616546): instance 44dd41c7-0156-283f-4462-00000369bea8 
on database directory memory:C:\myData\ProjektPV168\ProjectPV168FINALVersion\BicycleRental\RentalManagerTest with class loader sun.misc.Launcher$AppClassLoader@75b84c92 
Loaded from file:/C:/Users/Lubo/.m2/repository/org/apache/derby/derby/10.11.1.1/derby-10.11.1.1.jar
java.vendor=Oracle Corporation
java.runtime.version=1.8.0_73-b02
user.dir=C:\myData\ProjektPV168\ProjectPV168FINALVersion\BicycleRental
os.name=Windows 10
os.arch=amd64
os.version=10.0
derby.system.home=null
Database Class Loader started - derby.database.classpath=''
