#
# There is insufficient memory for the Java Runtime Environment to continue.
# Native memory allocation (malloc) failed to allocate 32744 bytes for ChunkPool::allocate
# Possible reasons:
#   The system is out of physical RAM or swap space
#   In 32 bit mode, the process size limit was hit
# Possible solutions:
#   Reduce memory load on the system
#   Increase physical memory or swap space
#   Check if swap backing store is full
#   Use 64 bit Java on a 64 bit OS
#   Decrease Java heap size (-Xmx/-Xms)
#   Decrease number of Java threads
#   Decrease Java thread stack sizes (-Xss)
#   Set larger code cache with -XX:ReservedCodeCacheSize=
# This output file may be truncated or incomplete.
#
#  Out of Memory Error (allocation.cpp:273), pid=12220, tid=5420
#
# JRE version: Java(TM) SE Runtime Environment (8.0_40-b26) (build 1.8.0_40-b26)
# Java VM: Java HotSpot(TM) 64-Bit Server VM (25.40-b25 mixed mode windows-amd64 compressed oops)
# Failed to write core dump. Minidumps are not enabled by default on client versions of Windows
#

---------------  T H R E A D  ---------------

Current thread (0x000000005898d800):  JavaThread "C1 CompilerThread2" daemon [_thread_in_native, id=5420, stack(0x0000000059270000,0x0000000059370000)]

Stack: [0x0000000059270000,0x0000000059370000]
Native frames: (J=compiled Java code, j=interpreted, Vv=VM code, C=native code)
V  [jvm.dll+0x32b47a]
V  [jvm.dll+0x2797f3]
V  [jvm.dll+0x27a489]
V  [jvm.dll+0x2717a5]
V  [jvm.dll+0xcb7c4]
V  [jvm.dll+0xcb9e7]
V  [jvm.dll+0xcbe6c]
V  [jvm.dll+0x41f22d]
V  [jvm.dll+0x424201]
V  [jvm.dll+0x425d5a]
V  [jvm.dll+0x4272d8]
V  [jvm.dll+0x405df0]
V  [jvm.dll+0x4061c0]
V  [jvm.dll+0x4062f2]
V  [jvm.dll+0x4064c1]
V  [jvm.dll+0x4066cf]
V  [jvm.dll+0xa4312]
V  [jvm.dll+0xa4c4f]
V  [jvm.dll+0x241914]
V  [jvm.dll+0x29848a]
C  [msvcr100.dll+0x21d9f]
C  [msvcr100.dll+0x21e3b]
C  [kernel32.dll+0x159cd]
C  [ntdll.dll+0x2b891]


Current CompileTask:
C1:  18749  446       3       java.util.HashMap::resize (359 bytes)


---------------  P R O C E S S  ---------------

Java Threads: ( => current thread )
  0x0000000059764000 JavaThread "AWT-Shutdown" [_thread_blocked, id=2580, stack(0x000000005c5c0000,0x000000005c6c0000)]
  0x00000000021a8000 JavaThread "DestroyJavaVM" [_thread_blocked, id=12280, stack(0x00000000024b0000,0x00000000025b0000)]
  0x00000000598b1800 JavaThread "Java2D Disposer" daemon [_thread_blocked, id=12172, stack(0x000000005a010000,0x000000005a110000)]
  0x0000000058991000 JavaThread "Service Thread" daemon [_thread_blocked, id=5232, stack(0x0000000059450000,0x0000000059550000)]
=>0x000000005898d800 JavaThread "C1 CompilerThread2" daemon [_thread_in_native, id=5420, stack(0x0000000059270000,0x0000000059370000)]
  0x000000005898b800 JavaThread "C2 CompilerThread1" daemon [_thread_blocked, id=7112, stack(0x0000000059090000,0x0000000059190000)]
  0x0000000058937000 JavaThread "C2 CompilerThread0" daemon [_thread_blocked, id=8960, stack(0x0000000058e80000,0x0000000058f80000)]
  0x0000000058934800 JavaThread "Attach Listener" daemon [_thread_blocked, id=12268, stack(0x0000000058f90000,0x0000000059090000)]
  0x00000000577a5800 JavaThread "Signal Dispatcher" daemon [_thread_blocked, id=7692, stack(0x0000000058d50000,0x0000000058e50000)]
  0x0000000057742000 JavaThread "Finalizer" daemon [_thread_blocked, id=9332, stack(0x0000000058830000,0x0000000058930000)]
  0x0000000057741000 JavaThread "Reference Handler" daemon [_thread_blocked, id=6340, stack(0x00000000585e0000,0x00000000586e0000)]

Other Threads:
  0x000000005773b800 VMThread [stack: 0x0000000058720000,0x0000000058820000] [id=5920]
  0x0000000058993800 WatcherThread [stack: 0x00000000595d0000,0x00000000596d0000] [id=7844]

VM state:not at safepoint (normal execution)

VM Mutex/Monitor currently owned by a thread: None

Heap:
 PSYoungGen      total 38400K, used 16660K [0x00000000d5700000, 0x00000000d8180000, 0x0000000100000000)
  eden space 33280K, 50% used [0x00000000d5700000,0x00000000d6745188,0x00000000d7780000)
  from space 5120K, 0% used [0x00000000d7c80000,0x00000000d7c80000,0x00000000d8180000)
  to   space 5120K, 0% used [0x00000000d7780000,0x00000000d7780000,0x00000000d7c80000)
 ParOldGen       total 87552K, used 0K [0x0000000080400000, 0x0000000085980000, 0x00000000d5700000)
  object space 87552K, 0% used [0x0000000080400000,0x0000000080400000,0x0000000085980000)
 Metaspace       used 11841K, capacity 12040K, committed 12160K, reserved 1060864K
  class space    used 1571K, capacity 1646K, committed 1664K, reserved 1048576K

Card table byte_map: [0x0000000011c40000,0x0000000012040000] byte_map_base: 0x000000001183e000

Marking Bits: (ParMarkBitMap*) 0x00000000621b4040
 Begin Bits: [0x00000000129d0000, 0x00000000149c0000)
 End Bits:   [0x00000000149c0000, 0x00000000169b0000)

Polling page: 0x0000000000140000

CodeCache: size=245760Kb used=2115Kb max_used=2127Kb free=243644Kb
 bounds [0x0000000002880000, 0x0000000002af0000, 0x0000000011880000]
 total_blobs=866 nmethods=453 adapters=326
 compilation: enabled

Compilation events (10 events):
Event: 8.142 Thread 0x000000005898d800 nmethod 443 0x0000000002a84110 code [0x0000000002a84260, 0x0000000002a84370]
Event: 8.142 Thread 0x000000005898d800  441       1       java.util.HashMap$Node::getValue (5 bytes)
Event: 8.142 Thread 0x000000005898d800 nmethod 441 0x0000000002a843d0 code [0x0000000002a84520, 0x0000000002a84630]
Event: 8.142 Thread 0x000000005898d800  442       1       java.util.HashMap$Node::getKey (5 bytes)
Event: 8.142 Thread 0x000000005898d800 nmethod 442 0x0000000002a84690 code [0x0000000002a847e0, 0x0000000002a848f0]
Event: 8.144 Thread 0x000000005898d800  444       3       java.util.ArrayList$Itr::hasNext (20 bytes)
Event: 8.144 Thread 0x000000005898d800 nmethod 444 0x0000000002a84950 code [0x0000000002a84ac0, 0x0000000002a84c90]
Event: 8.145 Thread 0x000000005898d800  445       3       java.util.AbstractMap::<init> (5 bytes)
Event: 8.145 Thread 0x000000005898d800 nmethod 445 0x0000000002a84d50 code [0x0000000002a84ea0, 0x0000000002a85050]
Event: 8.145 Thread 0x000000005898d800  446       3       java.util.HashMap::resize (359 bytes)

GC Heap History (0 events):
No events

Deoptimization events (1 events):
Event: 3.199 Thread 0x00000000021a8000 Uncommon trap: reason=unstable_if action=reinterpret pc=0x00000000029eb360 method=java.lang.String.indexOf([CII[CIII)I @ 3

Internal exceptions (10 events):
Event: 2.873 Thread 0x00000000021a8000 Exception <a 'java/security/PrivilegedActionException'> (0x00000000d597c438) thrown at [D:\re\workspace\8-2-build-windows-amd64-cygwin\jdk8u40\3098\hotspot\src\share\vm\prims\jvm.cpp, line 1382]
Event: 2.873 Thread 0x00000000021a8000 Exception <a 'java/security/PrivilegedActionException'> (0x00000000d597c5f0) thrown at [D:\re\workspace\8-2-build-windows-amd64-cygwin\jdk8u40\3098\hotspot\src\share\vm\prims\jvm.cpp, line 1382]
Event: 2.873 Thread 0x00000000021a8000 Exception <a 'java/security/PrivilegedActionException'> (0x00000000d597d7e0) thrown at [D:\re\workspace\8-2-build-windows-amd64-cygwin\jdk8u40\3098\hotspot\src\share\vm\prims\jvm.cpp, line 1382]
Event: 2.873 Thread 0x00000000021a8000 Exception <a 'java/security/PrivilegedActionException'> (0x00000000d597d998) thrown at [D:\re\workspace\8-2-build-windows-amd64-cygwin\jdk8u40\3098\hotspot\src\share\vm\prims\jvm.cpp, line 1382]
Event: 2.873 Thread 0x00000000021a8000 Exception <a 'java/security/PrivilegedActionException'> (0x00000000d597eb88) thrown at [D:\re\workspace\8-2-build-windows-amd64-cygwin\jdk8u40\3098\hotspot\src\share\vm\prims\jvm.cpp, line 1382]
Event: 2.873 Thread 0x00000000021a8000 Exception <a 'java/security/PrivilegedActionException'> (0x00000000d597ed40) thrown at [D:\re\workspace\8-2-build-windows-amd64-cygwin\jdk8u40\3098\hotspot\src\share\vm\prims\jvm.cpp, line 1382]
Event: 2.979 Thread 0x00000000021a8000 Exception <a 'java/io/FileNotFoundException'> (0x00000000d5b770a0) thrown at [D:\re\workspace\8-2-build-windows-amd64-cygwin\jdk8u40\3098\hotspot\src\share\vm\prims\jni.cpp, line 709]
Event: 3.191 Thread 0x00000000021a8000 Exception <a 'java/lang/NoClassDefFoundError': org/apache/log4j/Priority> (0x00000000d5e11c10) thrown at [D:\re\workspace\8-2-build-windows-amd64-cygwin\jdk8u40\3098\hotspot\src\share\vm\classfile\systemDictionary.cpp, line 199]
Event: 3.308 Thread 0x00000000021a8000 Exception <a 'java/lang/NoSuchFieldError': method resolution failed> (0x00000000d5fa8010) thrown at [D:\re\workspace\8-2-build-windows-amd64-cygwin\jdk8u40\3098\hotspot\src\share\vm\prims\methodHandles.cpp, line 1125]
Event: 3.310 Thread 0x00000000021a8000 Exception <a 'java/lang/NoSuchFieldError': method resolution failed> (0x00000000d5fb6940) thrown at [D:\re\workspace\8-2-build-windows-amd64-cygwin\jdk8u40\3098\hotspot\src\share\vm\prims\methodHandles.cpp, line 1125]

Events (10 events):
Event: 8.144 loading class sun/awt/MostRecentKeyValue done
Event: 8.144 loading class sun/awt/PostEventQueue
Event: 8.144 loading class sun/awt/PostEventQueue done
Event: 8.144 loading class java/util/IdentityHashMap$Values
Event: 8.144 loading class java/util/IdentityHashMap$Values done
Event: 8.144 loading class java/util/IdentityHashMap$ValueIterator
Event: 8.144 loading class java/util/IdentityHashMap$IdentityHashMapIterator
Event: 8.144 loading class java/util/IdentityHashMap$IdentityHashMapIterator done
Event: 8.144 loading class java/util/IdentityHashMap$ValueIterator done
Event: 8.146 loading class sun/swing/SwingUtilities2


Dynamic libraries:
0x000000013f1c0000 - 0x000000013f1f7000 	C:\Program Files\Java\jdk1.8.0_40\bin\java.exe
0x0000000077050000 - 0x00000000771f8000 	C:\Windows\SYSTEM32\ntdll.dll
0x0000000076e30000 - 0x0000000076f4f000 	C:\Windows\system32\kernel32.dll
0x000007fefd0b0000 - 0x000007fefd11c000 	C:\Windows\system32\KERNELBASE.dll
0x000007feff280000 - 0x000007feff35b000 	C:\Windows\system32\ADVAPI32.dll
0x000007feff1c0000 - 0x000007feff25f000 	C:\Windows\system32\msvcrt.dll
0x000007feff260000 - 0x000007feff27f000 	C:\Windows\SYSTEM32\sechost.dll
0x000007fefd270000 - 0x000007fefd39d000 	C:\Windows\system32\RPCRT4.dll
0x0000000076f50000 - 0x000000007704a000 	C:\Windows\system32\USER32.dll
0x000007fefdb60000 - 0x000007fefdbc7000 	C:\Windows\system32\GDI32.dll
0x000007fefec40000 - 0x000007fefec4e000 	C:\Windows\system32\LPK.dll
0x000007fefeaf0000 - 0x000007fefebb9000 	C:\Windows\system32\USP10.dll
0x000007fefc880000 - 0x000007fefca74000 	C:\Windows\WinSxS\amd64_microsoft.windows.common-controls_6595b64144ccf1df_6.0.7601.17514_none_fa396087175ac9ac\COMCTL32.dll
0x000007fefea70000 - 0x000007fefeae1000 	C:\Windows\system32\SHLWAPI.dll
0x000007fefec50000 - 0x000007fefec7e000 	C:\Windows\system32\IMM32.DLL
0x000007fefe960000 - 0x000007fefea69000 	C:\Windows\system32\MSCTF.dll
0x000000006f4c0000 - 0x000000006f592000 	C:\Program Files\Java\jdk1.8.0_40\jre\bin\msvcr100.dll
0x00000000619b0000 - 0x0000000062233000 	C:\Program Files\Java\jdk1.8.0_40\jre\bin\server\jvm.dll
0x000007fef85e0000 - 0x000007fef85e9000 	C:\Windows\system32\WSOCK32.dll
0x000007fefd6c0000 - 0x000007fefd70d000 	C:\Windows\system32\WS2_32.dll
0x000007fefd3a0000 - 0x000007fefd3a8000 	C:\Windows\system32\NSI.dll
0x000007fefa8a0000 - 0x000007fefa8db000 	C:\Windows\system32\WINMM.dll
0x000007fefba10000 - 0x000007fefba1c000 	C:\Windows\system32\VERSION.dll
0x0000000077220000 - 0x0000000077227000 	C:\Windows\system32\PSAPI.DLL
0x0000000073d60000 - 0x0000000073d6f000 	C:\Program Files\Java\jdk1.8.0_40\jre\bin\verify.dll
0x00000000720c0000 - 0x00000000720e9000 	C:\Program Files\Java\jdk1.8.0_40\jre\bin\java.dll
0x0000000073d40000 - 0x0000000073d56000 	C:\Program Files\Java\jdk1.8.0_40\jre\bin\zip.dll
0x000007fefdbd0000 - 0x000007fefe959000 	C:\Windows\system32\SHELL32.dll
0x000007fefec80000 - 0x000007fefee83000 	C:\Windows\system32\ole32.dll
0x000007fefce20000 - 0x000007fefce2f000 	C:\Windows\system32\profapi.dll
0x000000006a720000 - 0x000000006a8b8000 	C:\Program Files\Java\jdk1.8.0_40\jre\bin\awt.dll
0x000007fefd710000 - 0x000007fefd7e7000 	C:\Windows\system32\OLEAUT32.dll
0x000007fefac90000 - 0x000007feface6000 	C:\Windows\system32\uxtheme.dll
0x000007fefa770000 - 0x000007fefa788000 	C:\Windows\system32\dwmapi.dll
0x000007fefccb0000 - 0x000007fefccbf000 	C:\Windows\system32\CRYPTBASE.dll
0x000007fef5b10000 - 0x000007fef5c35000 	C:\Windows\system32\dbghelp.dll
0x0000000070fd0000 - 0x0000000071017000 	C:\Program Files\Java\jdk1.8.0_40\jre\bin\fontmanager.dll
0x000007fefd980000 - 0x000007fefdb57000 	C:\Windows\system32\SETUPAPI.dll
0x000007fefd170000 - 0x000007fefd1a6000 	C:\Windows\system32\CFGMGR32.dll
0x000007fefd130000 - 0x000007fefd14a000 	C:\Windows\system32\DEVOBJ.dll
0x000007feec150000 - 0x000007feec2ba000 	C:\Program Files (x86)\NVIDIA Corporation\3D Vision\nvSCPAPI64.dll

VM Arguments:
java_command: GUI.MainWindow
java_class_path (initial): C:\Users\StrikerSVK\Desktop\ProjektPV168 - Copy\BicycleRental\target\classes;C:\Users\StrikerSVK\.m2\repository\org\slf4j\slf4j-api\1.7.7\slf4j-api-1.7.7.jar;C:\Users\StrikerSVK\.m2\repository\ch\qos\logback\logback-classic\1.1.2\logback-classic-1.1.2.jar;C:\Users\StrikerSVK\.m2\repository\ch\qos\logback\logback-core\1.1.2\logback-core-1.1.2.jar;C:\Users\StrikerSVK\.m2\repository\org\apache\derby\derbyclient\10.11.1.1\derbyclient-10.11.1.1.jar;C:\Users\StrikerSVK\.m2\repository\org\apache\derby\derby\10.11.1.1\derby-10.11.1.1.jar;C:\Users\StrikerSVK\.m2\repository\org\apache\commons\commons-dbcp2\2.1\commons-dbcp2-2.1.jar;C:\Users\StrikerSVK\.m2\repository\org\apache\commons\commons-pool2\2.3\commons-pool2-2.3.jar;C:\Users\StrikerSVK\.m2\repository\commons-logging\commons-logging\1.2\commons-logging-1.2.jar;C:\Users\StrikerSVK\.m2\repository\org\springframework\spring-context\4.1.5.RELEASE\spring-context-4.1.5.RELEASE.jar;C:\Users\StrikerSVK\.m2\repository\org\springframework\spring-aop\4.1.5.RELEASE\spring-aop-4.1.5.RELEASE.jar;C:\Users\StrikerSVK\.m2\repository\aopalliance\aopalliance\1.0\aopalliance-1.0.jar;C:\Users\StrikerSVK\.m2\repository\org\springframework\spring-beans\4.1.5.RELEASE\spring-beans-4.1.5.RELEASE.jar;C:\Users\StrikerSVK\.m2\repository\org\springframework\spring-core\4.1.5.RELEASE\spring-core-4.1.5.RELEASE.jar;C:\Users\StrikerSVK\.m2\repository\org\springframework\spring-expression\4.1.5.RELEASE\spring-expression-4.1.5.RELEASE.jar;C:\Users\StrikerSVK\.m2\repository\org\springframework\spring-jdbc\4.1.5.RELEASE\spring-jdbc-4.1.5.RELEASE.jar;C:\Users\StrikerSVK\.m2\repository\org\springframework\spring-tx\4.1.5.RELEASE\spring-tx-4.1.5.RELEASE.jar
Launcher Type: SUN_STANDARD

Environment Variables:
JAVA_HOME=C:\Program Files\Java\jdk1.8.0_40
PATH=C:\ProgramData\Oracle\Java\javapath;C:\Program Files (x86)\NVIDIA Corporation\PhysX\Common;C:\Windows\system32;C:\Windows;C:\Windows\System32\Wbem;C:\Windows\System32\WindowsPowerShell\v1.0\;C:\Program Files\TortoiseSVN\bin;C:\Program Files\Microsoft SQL Server\110\Tools\Binn\;C:\Program Files (x86)\Microsoft SDKs\TypeScript\1.0\;C:\Program Files\Microsoft SQL Server\120\Tools\Binn\;C:\MinGW\msys\1.0\bin;C:\Program Files (x86)\Skype\Phone\
USERNAME=StrikerSVK
OS=Windows_NT
PROCESSOR_IDENTIFIER=Intel64 Family 6 Model 42 Stepping 7, GenuineIntel



---------------  S Y S T E M  ---------------

OS: Windows 7 , 64 bit Build 7601 (6.1.7601.18798)

CPU:total 4 (4 cores per cpu, 1 threads per core) family 6 model 42 stepping 7, cmov, cx8, fxsr, mmx, sse, sse2, sse3, ssse3, sse4.1, sse4.2, popcnt, avx, aes, clmul, tsc, tscinvbit

Memory: 4k page, physical 8365504k(1684500k free), swap 18500664k(3667168k free)

vm_info: Java HotSpot(TM) 64-Bit Server VM (25.40-b25) for windows-amd64 JRE (1.8.0_40-b26), built on Mar  7 2015 13:51:59 by "java_re" with MS VC++ 10.0 (VS2010)

time: Fri May 29 22:36:44 2015
elapsed time: 19 seconds (0d 0h 0m 19s)

