#
# There is insufficient memory for the Java Runtime Environment to continue.
# Native memory allocation (malloc) failed to allocate 78800 bytes for Chunk::new
# Possible reasons:
#   The system is out of physical RAM or swap space
#   In 32 bit mode, the process size limit was hit
# Possible solutions:
#   Reduce memory load on the system
#   Increase physical memory or swap space
#   Check if swap backing store is full
#   Use 64 bit Java on a 64 bit OS
#   Decrease Java heap size (-Xmx/-Xms)
#   Decrease number of Java threads
#   Decrease Java thread stack sizes (-Xss)
#   Set larger code cache with -XX:ReservedCodeCacheSize=
# This output file may be truncated or incomplete.
#
#  Out of Memory Error (allocation.cpp:390), pid=10836, tid=8504
#
# JRE version: Java(TM) SE Runtime Environment (8.0_40-b26) (build 1.8.0_40-b26)
# Java VM: Java HotSpot(TM) 64-Bit Server VM (25.40-b25 mixed mode windows-amd64 compressed oops)
# Failed to write core dump. Minidumps are not enabled by default on client versions of Windows
#

---------------  T H R E A D  ---------------

Current thread (0x0000000002088000):  JavaThread "main" [_thread_in_native, id=8504, stack(0x0000000002480000,0x0000000002580000)]

Stack: [0x0000000002480000,0x0000000002580000]
Native frames: (J=compiled Java code, j=interpreted, Vv=VM code, C=native code)
V  [jvm.dll+0x32b47a]
V  [jvm.dll+0x2797f3]
V  [jvm.dll+0x27a489]
V  [jvm.dll+0x2717a5]
V  [jvm.dll+0xcb9a2]
V  [jvm.dll+0xcbe6c]
V  [jvm.dll+0x5ec66]
V  [jvm.dll+0x5ed97]
V  [jvm.dll+0x5f0f3]
V  [jvm.dll+0x7b3a9]
V  [jvm.dll+0x7bc87]
V  [jvm.dll+0x7d356]
V  [jvm.dll+0x7d3ad]
V  [jvm.dll+0xf5a63]
V  [jvm.dll+0xb9c43]
V  [jvm.dll+0xb9dff]
C  0x00000000028730b1

Java frames: (J=compiled Java code, j=interpreted, Vv=VM code)
j  javax.swing.plaf.nimbus.NimbusLookAndFeel.<init>()V+28
v  ~StubRoutines::call_stub
j  sun.reflect.NativeConstructorAccessorImpl.newInstance0(Ljava/lang/reflect/Constructor;[Ljava/lang/Object;)Ljava/lang/Object;+0
j  sun.reflect.NativeConstructorAccessorImpl.newInstance([Ljava/lang/Object;)Ljava/lang/Object;+85
j  sun.reflect.DelegatingConstructorAccessorImpl.newInstance([Ljava/lang/Object;)Ljava/lang/Object;+5
j  java.lang.reflect.Constructor.newInstance([Ljava/lang/Object;)Ljava/lang/Object;+79
j  java.lang.Class.newInstance()Ljava/lang/Object;+138
j  javax.swing.UIManager.setLookAndFeel(Ljava/lang/String;)V+28
j  GUI.MainWindow.main([Ljava/lang/String;)V+37
v  ~StubRoutines::call_stub

---------------  P R O C E S S  ---------------

Java Threads: ( => current thread )
  0x0000000059913000 JavaThread "AWT-Windows" daemon [_thread_in_native, id=9108, stack(0x000000005a3d0000,0x000000005a4d0000)]
  0x000000005990d800 JavaThread "Java2D Disposer" daemon [_thread_blocked, id=11664, stack(0x000000005a0c0000,0x000000005a1c0000)]
  0x000000005897a800 JavaThread "Service Thread" daemon [_thread_blocked, id=7728, stack(0x00000000594a0000,0x00000000595a0000)]
  0x0000000058978000 JavaThread "C1 CompilerThread2" daemon [_thread_blocked, id=10684, stack(0x0000000059320000,0x0000000059420000)]
  0x0000000058977000 JavaThread "C2 CompilerThread1" daemon [_thread_blocked, id=11132, stack(0x0000000059110000,0x0000000059210000)]
  0x0000000058975000 JavaThread "C2 CompilerThread0" daemon [_thread_blocked, id=4436, stack(0x0000000058fc0000,0x00000000590c0000)]
  0x0000000058972800 JavaThread "Attach Listener" daemon [_thread_blocked, id=6884, stack(0x0000000058eb0000,0x0000000058fb0000)]
  0x0000000057543800 JavaThread "Signal Dispatcher" daemon [_thread_blocked, id=8180, stack(0x0000000058da0000,0x0000000058ea0000)]
  0x00000000574e7800 JavaThread "Finalizer" daemon [_thread_blocked, id=4244, stack(0x0000000058870000,0x0000000058970000)]
  0x00000000574e1000 JavaThread "Reference Handler" daemon [_thread_blocked, id=4052, stack(0x00000000586a0000,0x00000000587a0000)]
=>0x0000000002088000 JavaThread "main" [_thread_in_native, id=8504, stack(0x0000000002480000,0x0000000002580000)]

Other Threads:
  0x00000000574db800 VMThread [stack: 0x0000000058540000,0x0000000058640000] [id=1368]
  0x0000000057546000 WatcherThread [stack: 0x00000000596b0000,0x00000000597b0000] [id=8412]

VM state:not at safepoint (normal execution)

VM Mutex/Monitor currently owned by a thread: None

Heap:
 PSYoungGen      total 38400K, used 10668K [0x00000000d5700000, 0x00000000d8180000, 0x0000000100000000)
  eden space 33280K, 32% used [0x00000000d5700000,0x00000000d616b060,0x00000000d7780000)
  from space 5120K, 0% used [0x00000000d7c80000,0x00000000d7c80000,0x00000000d8180000)
  to   space 5120K, 0% used [0x00000000d7780000,0x00000000d7780000,0x00000000d7c80000)
 ParOldGen       total 87552K, used 0K [0x0000000080400000, 0x0000000085980000, 0x00000000d5700000)
  object space 87552K, 0% used [0x0000000080400000,0x0000000080400000,0x0000000085980000)
 Metaspace       used 8326K, capacity 8442K, committed 8448K, reserved 1056768K
  class space    used 971K, capacity 1022K, committed 1024K, reserved 1048576K

Card table byte_map: [0x0000000011c10000,0x0000000012010000] byte_map_base: 0x000000001180e000

Marking Bits: (ParMarkBitMap*) 0x00000000621b4040
 Begin Bits: [0x0000000012770000, 0x0000000014760000)
 End Bits:   [0x0000000014760000, 0x0000000016750000)

Polling page: 0x0000000000130000

CodeCache: size=245760Kb used=2188Kb max_used=2188Kb free=243571Kb
 bounds [0x0000000002850000, 0x0000000002ac0000, 0x0000000011850000]
 total_blobs=871 nmethods=507 adapters=277
 compilation: enabled

Compilation events (10 events):
Event: 15.276 Thread 0x0000000058978000  511       3       sun.util.logging.LoggingSupport::ensureAvailable (17 bytes)
Event: 15.276 Thread 0x0000000058978000 nmethod 511 0x0000000002a713d0 code [0x0000000002a71520, 0x0000000002a71670]
Event: 15.276 Thread 0x0000000058978000  512       3       java.util.AbstractList::<init> (10 bytes)
Event: 15.276 Thread 0x0000000058978000 nmethod 512 0x0000000002a716d0 code [0x0000000002a71840, 0x0000000002a71a50]
Event: 15.276 Thread 0x0000000058978000  514       3       java.util.Properties::getProperty (46 bytes)
Event: 15.276 Thread 0x0000000058978000 nmethod 514 0x0000000002a71b10 code [0x0000000002a71ca0, 0x0000000002a72138]
Event: 15.276 Thread 0x0000000058978000  513       3       java.util.Locale::equals (75 bytes)
Event: 15.276 Thread 0x0000000058978000 nmethod 513 0x0000000002a72250 code [0x0000000002a72400, 0x0000000002a72c18]
Event: 15.277 Thread 0x0000000058978000  515       1       java.util.ResourceBundle$CacheKey::hashCode (5 bytes)
Event: 15.277 Thread 0x0000000058978000 nmethod 515 0x0000000002a72fd0 code [0x0000000002a73120, 0x0000000002a73230]

GC Heap History (0 events):
No events

Deoptimization events (1 events):
Event: 0.937 Thread 0x0000000002088000 Uncommon trap: reason=unstable_if action=reinterpret pc=0x00000000029c93e0 method=java.lang.String.indexOf([CII[CIII)I @ 3

Internal exceptions (10 events):
Event: 0.430 Thread 0x0000000002088000 Exception <a 'java/security/PrivilegedActionException'> (0x00000000d58d5ee0) thrown at [D:\re\workspace\8-2-build-windows-amd64-cygwin\jdk8u40\3098\hotspot\src\share\vm\prims\jvm.cpp, line 1382]
Event: 0.430 Thread 0x0000000002088000 Exception <a 'java/security/PrivilegedActionException'> (0x00000000d58d70d0) thrown at [D:\re\workspace\8-2-build-windows-amd64-cygwin\jdk8u40\3098\hotspot\src\share\vm\prims\jvm.cpp, line 1382]
Event: 0.430 Thread 0x0000000002088000 Exception <a 'java/security/PrivilegedActionException'> (0x00000000d58d7288) thrown at [D:\re\workspace\8-2-build-windows-amd64-cygwin\jdk8u40\3098\hotspot\src\share\vm\prims\jvm.cpp, line 1382]
Event: 0.430 Thread 0x0000000002088000 Exception <a 'java/security/PrivilegedActionException'> (0x00000000d58d8478) thrown at [D:\re\workspace\8-2-build-windows-amd64-cygwin\jdk8u40\3098\hotspot\src\share\vm\prims\jvm.cpp, line 1382]
Event: 0.430 Thread 0x0000000002088000 Exception <a 'java/security/PrivilegedActionException'> (0x00000000d58d8630) thrown at [D:\re\workspace\8-2-build-windows-amd64-cygwin\jdk8u40\3098\hotspot\src\share\vm\prims\jvm.cpp, line 1382]
Event: 0.537 Thread 0x0000000002088000 Exception <a 'java/io/FileNotFoundException'> (0x00000000d5ad0990) thrown at [D:\re\workspace\8-2-build-windows-amd64-cygwin\jdk8u40\3098\hotspot\src\share\vm\prims\jni.cpp, line 709]
Event: 0.929 Thread 0x0000000002088000 Exception <a 'java/lang/NoClassDefFoundError': org/apache/log4j/Priority> (0x00000000d5d6b500) thrown at [D:\re\workspace\8-2-build-windows-amd64-cygwin\jdk8u40\3098\hotspot\src\share\vm\classfile\systemDictionary.cpp, line 199]
Event: 1.263 Thread 0x0000000002088000 Exception <a 'java/lang/NoSuchFieldError': method resolution failed> (0x00000000d5f019f0) thrown at [D:\re\workspace\8-2-build-windows-amd64-cygwin\jdk8u40\3098\hotspot\src\share\vm\prims\methodHandles.cpp, line 1125]
Event: 1.269 Thread 0x0000000002088000 Exception <a 'java/lang/NoSuchFieldError': method resolution failed> (0x00000000d5f103b0) thrown at [D:\re\workspace\8-2-build-windows-amd64-cygwin\jdk8u40\3098\hotspot\src\share\vm\prims\methodHandles.cpp, line 1125]
Event: 15.272 Thread 0x0000000002088000 Exception <a 'java/io/FileNotFoundException'> (0x00000000d5fe0c88) thrown at [D:\re\workspace\8-2-build-windows-amd64-cygwin\jdk8u40\3098\hotspot\src\share\vm\prims\jni.cpp, line 709]

Events (10 events):
Event: 15.278 loading class javax/swing/plaf/synth/DefaultSynthStyleFactory done
Event: 15.278 loading class sun/swing/BakedArrayList
Event: 15.278 loading class sun/swing/BakedArrayList done
Event: 15.278 Executing VM operation: Deoptimize
Event: 15.278 Executing VM operation: Deoptimize done
Event: 15.278 loading class javax/swing/plaf/synth/SynthLookAndFeel$Handler
Event: 15.278 loading class javax/swing/plaf/synth/SynthLookAndFeel$Handler done
Event: 15.278 loading class javax/swing/plaf/nimbus/NimbusLookAndFeel$DefaultsListener
Event: 15.279 loading class javax/swing/plaf/nimbus/NimbusLookAndFeel$DefaultsListener done
Event: 15.279 loading class javax/swing/plaf/nimbus/NimbusDefaults


Dynamic libraries:
0x000000013f1c0000 - 0x000000013f1f7000 	C:\Program Files\Java\jdk1.8.0_40\bin\java.exe
0x0000000077050000 - 0x00000000771f8000 	C:\Windows\SYSTEM32\ntdll.dll
0x0000000076e30000 - 0x0000000076f4f000 	C:\Windows\system32\kernel32.dll
0x000007fefd0b0000 - 0x000007fefd11c000 	C:\Windows\system32\KERNELBASE.dll
0x000007feff280000 - 0x000007feff35b000 	C:\Windows\system32\ADVAPI32.dll
0x000007feff1c0000 - 0x000007feff25f000 	C:\Windows\system32\msvcrt.dll
0x000007feff260000 - 0x000007feff27f000 	C:\Windows\SYSTEM32\sechost.dll
0x000007fefd270000 - 0x000007fefd39d000 	C:\Windows\system32\RPCRT4.dll
0x0000000076f50000 - 0x000000007704a000 	C:\Windows\system32\USER32.dll
0x000007fefdb60000 - 0x000007fefdbc7000 	C:\Windows\system32\GDI32.dll
0x000007fefec40000 - 0x000007fefec4e000 	C:\Windows\system32\LPK.dll
0x000007fefeaf0000 - 0x000007fefebb9000 	C:\Windows\system32\USP10.dll
0x000007fefc880000 - 0x000007fefca74000 	C:\Windows\WinSxS\amd64_microsoft.windows.common-controls_6595b64144ccf1df_6.0.7601.17514_none_fa396087175ac9ac\COMCTL32.dll
0x000007fefea70000 - 0x000007fefeae1000 	C:\Windows\system32\SHLWAPI.dll
0x000007fefec50000 - 0x000007fefec7e000 	C:\Windows\system32\IMM32.DLL
0x000007fefe960000 - 0x000007fefea69000 	C:\Windows\system32\MSCTF.dll
0x000000006f4c0000 - 0x000000006f592000 	C:\Program Files\Java\jdk1.8.0_40\jre\bin\msvcr100.dll
0x00000000619b0000 - 0x0000000062233000 	C:\Program Files\Java\jdk1.8.0_40\jre\bin\server\jvm.dll
0x000007fef85e0000 - 0x000007fef85e9000 	C:\Windows\system32\WSOCK32.dll
0x000007fefd6c0000 - 0x000007fefd70d000 	C:\Windows\system32\WS2_32.dll
0x000007fefd3a0000 - 0x000007fefd3a8000 	C:\Windows\system32\NSI.dll
0x000007fefa8a0000 - 0x000007fefa8db000 	C:\Windows\system32\WINMM.dll
0x000007fefba10000 - 0x000007fefba1c000 	C:\Windows\system32\VERSION.dll
0x0000000077220000 - 0x0000000077227000 	C:\Windows\system32\PSAPI.DLL
0x0000000073d60000 - 0x0000000073d6f000 	C:\Program Files\Java\jdk1.8.0_40\jre\bin\verify.dll
0x00000000720c0000 - 0x00000000720e9000 	C:\Program Files\Java\jdk1.8.0_40\jre\bin\java.dll
0x0000000073d40000 - 0x0000000073d56000 	C:\Program Files\Java\jdk1.8.0_40\jre\bin\zip.dll
0x000007fefdbd0000 - 0x000007fefe959000 	C:\Windows\system32\SHELL32.dll
0x000007fefec80000 - 0x000007fefee83000 	C:\Windows\system32\ole32.dll
0x000007fefce20000 - 0x000007fefce2f000 	C:\Windows\system32\profapi.dll
0x000000006a720000 - 0x000000006a8b8000 	C:\Program Files\Java\jdk1.8.0_40\jre\bin\awt.dll
0x000007fefd710000 - 0x000007fefd7e7000 	C:\Windows\system32\OLEAUT32.dll
0x000007fefac90000 - 0x000007feface6000 	C:\Windows\system32\uxtheme.dll
0x000007fefa770000 - 0x000007fefa788000 	C:\Windows\system32\dwmapi.dll
0x000007fefccb0000 - 0x000007fefccbf000 	C:\Windows\system32\CRYPTBASE.dll
0x000007fef5b10000 - 0x000007fef5c35000 	C:\Windows\system32\dbghelp.dll

VM Arguments:
java_command: GUI.MainWindow
java_class_path (initial): C:\Users\StrikerSVK\Desktop\ProjektPV168 - Copy\BicycleRental\target\classes;C:\Users\StrikerSVK\.m2\repository\org\slf4j\slf4j-api\1.7.7\slf4j-api-1.7.7.jar;C:\Users\StrikerSVK\.m2\repository\ch\qos\logback\logback-classic\1.1.2\logback-classic-1.1.2.jar;C:\Users\StrikerSVK\.m2\repository\ch\qos\logback\logback-core\1.1.2\logback-core-1.1.2.jar;C:\Users\StrikerSVK\.m2\repository\org\apache\derby\derbyclient\10.11.1.1\derbyclient-10.11.1.1.jar;C:\Users\StrikerSVK\.m2\repository\org\apache\derby\derby\10.11.1.1\derby-10.11.1.1.jar;C:\Users\StrikerSVK\.m2\repository\org\apache\commons\commons-dbcp2\2.1\commons-dbcp2-2.1.jar;C:\Users\StrikerSVK\.m2\repository\org\apache\commons\commons-pool2\2.3\commons-pool2-2.3.jar;C:\Users\StrikerSVK\.m2\repository\commons-logging\commons-logging\1.2\commons-logging-1.2.jar;C:\Users\StrikerSVK\.m2\repository\org\springframework\spring-context\4.1.5.RELEASE\spring-context-4.1.5.RELEASE.jar;C:\Users\StrikerSVK\.m2\repository\org\springframework\spring-aop\4.1.5.RELEASE\spring-aop-4.1.5.RELEASE.jar;C:\Users\StrikerSVK\.m2\repository\aopalliance\aopalliance\1.0\aopalliance-1.0.jar;C:\Users\StrikerSVK\.m2\repository\org\springframework\spring-beans\4.1.5.RELEASE\spring-beans-4.1.5.RELEASE.jar;C:\Users\StrikerSVK\.m2\repository\org\springframework\spring-core\4.1.5.RELEASE\spring-core-4.1.5.RELEASE.jar;C:\Users\StrikerSVK\.m2\repository\org\springframework\spring-expression\4.1.5.RELEASE\spring-expression-4.1.5.RELEASE.jar;C:\Users\StrikerSVK\.m2\repository\org\springframework\spring-jdbc\4.1.5.RELEASE\spring-jdbc-4.1.5.RELEASE.jar;C:\Users\StrikerSVK\.m2\repository\org\springframework\spring-tx\4.1.5.RELEASE\spring-tx-4.1.5.RELEASE.jar
Launcher Type: SUN_STANDARD

Environment Variables:
JAVA_HOME=C:\Program Files\Java\jdk1.8.0_40
PATH=C:\ProgramData\Oracle\Java\javapath;C:\Program Files (x86)\NVIDIA Corporation\PhysX\Common;C:\Windows\system32;C:\Windows;C:\Windows\System32\Wbem;C:\Windows\System32\WindowsPowerShell\v1.0\;C:\Program Files\TortoiseSVN\bin;C:\Program Files\Microsoft SQL Server\110\Tools\Binn\;C:\Program Files (x86)\Microsoft SDKs\TypeScript\1.0\;C:\Program Files\Microsoft SQL Server\120\Tools\Binn\;C:\MinGW\msys\1.0\bin;C:\Program Files (x86)\Skype\Phone\
USERNAME=StrikerSVK
OS=Windows_NT
PROCESSOR_IDENTIFIER=Intel64 Family 6 Model 42 Stepping 7, GenuineIntel



---------------  S Y S T E M  ---------------

OS: Windows 7 , 64 bit Build 7601 (6.1.7601.18798)

CPU:total 4 (4 cores per cpu, 1 threads per core) family 6 model 42 stepping 7, cmov, cx8, fxsr, mmx, sse, sse2, sse3, ssse3, sse4.1, sse4.2, popcnt, avx, aes, clmul, tsc, tscinvbit

Memory: 4k page, physical 8365504k(1868648k free), swap 18500664k(4268148k free)

vm_info: Java HotSpot(TM) 64-Bit Server VM (25.40-b25) for windows-amd64 JRE (1.8.0_40-b26), built on Mar  7 2015 13:51:59 by "java_re" with MS VC++ 10.0 (VS2010)

time: Fri May 29 22:36:44 2015
elapsed time: 26 seconds (0d 0h 0m 26s)

